<?xml version="1.0" encoding="UTF-8"?>
<testng-results skipped="0" failed="0" ignored="0" total="1" passed="1">
  <reporter-output>
  </reporter-output>
  <suite name="Default suite" duration-ms="29241" started-at="2018-10-17T05:17:22Z" finished-at="2018-10-17T05:17:51Z">
    <groups>
    </groups>
    <test name="Default test" duration-ms="29241" started-at="2018-10-17T05:17:22Z" finished-at="2018-10-17T05:17:51Z">
      <class name="screenshot.ScreenshotFiringMethod">
        <test-method status="PASS" signature="screenshots()[pri:0, instance:screenshot.ScreenshotFiringMethod@3dfc5fb8]" name="screenshots" duration-ms="29184" started-at="2018-10-17T05:17:22Z" finished-at="2018-10-17T05:17:51Z">
          <reporter-output>
          </reporter-output>
        </test-method> <!-- screenshots -->
      </class> <!-- screenshot.ScreenshotFiringMethod -->
    </test> <!-- Default test -->
  </suite> <!-- Default suite -->
</testng-results>
